#
# There is insufficient memory for the Java Runtime Environment to continue.
# Native memory allocation (mmap) failed to map 65011712 bytes for G1 virtual space
# Possible reasons:
#   The system is out of physical RAM or swap space
#   The process is running with CompressedOops enabled, and the Java Heap may be blocking the growth of the native heap
# Possible solutions:
#   Reduce memory load on the system
#   Increase physical memory or swap space
#   Check if swap backing store is full
#   Decrease Java heap size (-Xmx/-Xms)
#   Decrease number of Java threads
#   Decrease Java thread stack sizes (-Xss)
#   Set larger code cache with -XX:ReservedCodeCacheSize=
#   JVM is running with Unscaled Compressed Oops mode in which the Java heap is
#     placed in the first 4GB address space. The Java Heap base address is the
#     maximum limit for the native heap growth. Please use -XX:HeapBaseMinAddress
#     to set the Java Heap base and to place the Java Heap above 4GB virtual address.
# This output file may be truncated or incomplete.
#
#  Out of Memory Error (os_windows.cpp:3825), pid=11324, tid=9312
#
# JRE version:  (17.0.10+1) (build )
# Java VM: OpenJDK 64-Bit Server VM (17.0.10+1-b1087.21, mixed mode, sharing, tiered, compressed oops, compressed class ptrs, g1 gc, windows-amd64)
# No core dump will be written. Minidumps are not enabled by default on client versions of Windows
#

---------------  S U M M A R Y ------------

Command Line: git4idea.http.GitAskPassApp Username for 'https://github.com': 

Host: Intel(R) Celeron(R) N4100 CPU @ 1.10GHz, 4 cores, 3G,  Windows 10 , 64 bit Build 19041 (10.0.19041.3636)
Time: Sun Apr 21 20:32:58 2024 Paris, Madrid (heure duild 19041 (10.0.19041.3636) elapsed time: 0.066218 seconds (0d 0h 0m 0s)

---------------  T H R E A D  ---------------

Current thread (0x00000257f72eeee0):  JavaThread "Unknown thread" [_thread_in_vm, id=9312, stack(0x000000d566d00000,0x000000d566e00000)]

Stack: [0x000000d566d00000,0x000000d566e00000]
Native frames: (J=compiled Java code, j=interpreted, Vv=VM code, C=native code)
V  [jvm.dll+0x688ac9]
V  [jvm.dll+0x84220a]
V  [jvm.dll+0x843e4e]
V  [jvm.dll+0x8444b3]
V  [jvm.dll+0x24ba8f]
V  [jvm.dll+0x685899]
V  [jvm.dll+0x67a14a]
V  [jvm.dll+0x30c7eb]
V  [jvm.dll+0x313c96]
V  [jvm.dll+0x363a2e]
V  [jvm.dll+0x363c5f]
V  [jvm.dll+0x2e25b8]
V  [jvm.dll+0x2e3524]
V  [jvm.dll+0x812d71]
V  [jvm.dll+0x3718e1]
V  [jvm.dll+0x7f18d6]
V  [jvm.dll+0x3f553f]
V  [jvm.dll+0x3f7171]
C  [jli.dll+0x528f]
C  [ucrtbase.dll+0x21bb2]
C  [KERNEL32.DLL+0x17344]
C  [ntdll.dll+0x526b1]


---------------  P R O C E S S  ---------------

Threads class SMR info:
_java_thread_list=0x00007ffaaac0ef58, length=0, elements={
}

Java Threads: ( => current thread )

Other Threads:
  0x00000257f732b290 GCTaskThread "GC Thread#0" [stack: 0x000000d566e00000,0x000000d566f00000] [id=8656]
  0x00000257f7335360 ConcurrentGCThread "G1 Main Marker" [stack: 0x000000d566f00000,0x000000d567000000] [id=13188]
  0x00000257f7335c90 ConcurrentGCThread "G1 Conc#0" [stack: 0x000000d567000000,0x000000d567100000] [id=4636]

[error occurred during error reporting (printing all threads), id 0xc0000005, EXCEPTION_ACCESS_VIOLATION (0xc0000005) at pc=0x00007ffaaa3c3187]

VM state: not at safepoint (not fully initialized)

VM Mutex/Monitor currently owned by a thread:  ([mutex/lock_event])
[0x00000257f72e9370] Heap_lock - owner thread: 0x00000257f72eeee0

Heap address: 0x00000000c2a00000, size: 982 MB, Compressed Oops mode: 32-bit

CDS archive(s) mapped at: [0x0000000000000000-0x0000000000000000-0x0000000000000000), size 0, SharedBaseAddress: 0x0000000800000000, ArchiveRelocationMode: 1.
Narrow klass base: 0x0000000000000000, Narrow klass shift: 0, Narrow klass range: 0x0

GC Precious Log:
<Empty>

Heap:
 garbage-first heap   total 0K, used 0K [0x00000000c2a00000, 0x0000000100000000)
  region size 1024K, 0 young (0K), 0 survivors (0K)
 Metaspace       used 0K, committed 0K, reserved 0K
  class space    used 0K, committed 0K, reserved 0K

Heap Regions: E=young(eden), S=young(survivor), O=old, HS=humongous(starts), HC=humongous(continues), CS=collection set, F=free, OA=open archive, CA=closed archive, TAMS=top-at-mark-start (previous, next)

Card table byte_map: [0x00000257fac60000,0x00000257fae50000] _byte_map_base: 0x00000257fa64b000

Marking Bits (Prev, Next): (CMBitMap*) 0x00000257f732b7c0, (CMBitMap*) 0x00000257f732b800
 Prev Bits: [0x00000257fb040000, 0x00000257fbf98000)
 Next Bits: [0x00000257fbfa0000, 0x00000257fcef8000)

GC Heap History (0 events):
No events

Dll operation events (1 events):
Event: 0.045 Loaded shared library C:\Program Files\JetBrains\IntelliJ IDEA 2023.3.5\jbr\bin\java.dll

Deoptimization events (0 events):
No events

Classes unloaded (0 events):
No events

Classes redefined (0 events):
No events

Internal exceptions (0 events):
No events

VM Operations (0 events):
No events

Events (0 events):
No events


Dynamic libraries:
0x00007ff630df0000 - 0x00007ff630dfa000 	C:\Program Files\JetBrains\IntelliJ IDEA 2023.3.5\jbr\bin\java.exe
0x00007ffaf1ab0000 - 0x00007ffaf1ca8000 	C:\Windows\SYSTEM32\ntdll.dll
0x00007ffaf0bc0000 - 0x00007ffaf0c7d000 	C:\Windows\System32\KERNEL32.DLL
0x00007ffaef3e0000 - 0x00007ffaef6d6000 	C:\Windows\System32\KERNELBASE.dll
0x00007ffaef9e0000 - 0x00007ffaefae0000 	C:\Windows\System32\ucrtbase.dll
0x00007ffad0430000 - 0x00007ffad044b000 	C:\Program Files\JetBrains\IntelliJ IDEA 2023.3.5\jbr\bin\VCRUNTIME140.dll
0x00007ffae3db0000 - 0x00007ffae3dc7000 	C:\Program Files\JetBrains\IntelliJ IDEA 2023.3.5\jbr\bin\jli.dll
0x00007ffaefdc0000 - 0x00007ffaeff5e000 	C:\Windows\System32\USER32.dll
0x00007ffaee4d0000 - 0x00007ffaee76a000 	C:\Windows\WinSxS\amd64_microsoft.windows.common-controls_6595b64144ccf1df_6.0.19041.3636_none_60b6a03d71f818d5\COMCTL32.dll
0x00007ffaef6e0000 - 0x00007ffaef702000 	C:\Windows\System32\win32u.dll
0x00007ffaf0ce0000 - 0x00007ffaf0d0b000 	C:\Windows\System32\GDI32.dll
0x00007ffaf1880000 - 0x00007ffaf191e000 	C:\Windows\System32\msvcrt.dll
0x00007ffaef160000 - 0x00007ffaef277000 	C:\Windows\System32\gdi32full.dll
0x00007ffaef310000 - 0x00007ffaef3ad000 	C:\Windows\System32\msvcp_win.dll
0x00007ffaf12a0000 - 0x00007ffaf12d2000 	C:\Windows\System32\IMM32.DLL
0x00007ffae3d70000 - 0x00007ffae3d7c000 	C:\Program Files\JetBrains\IntelliJ IDEA 2023.3.5\jbr\bin\vcruntime140_1.dll
0x00007ffab8410000 - 0x00007ffab849d000 	C:\Program Files\JetBrains\IntelliJ IDEA 2023.3.5\jbr\bin\msvcp140.dll
0x00007ffaaa0d0000 - 0x00007ffaaad53000 	C:\Program Files\JetBrains\IntelliJ IDEA 2023.3.5\jbr\bin\server\jvm.dll
0x00007ffaf1920000 - 0x00007ffaf19d0000 	C:\Windows\System32\ADVAPI32.dll
0x00007ffaf19d0000 - 0x00007ffaf1a70000 	C:\Windows\System32\sechost.dll
0x00007ffaf1500000 - 0x00007ffaf1625000 	C:\Windows\System32\RPCRT4.dll
0x00007ffaef3b0000 - 0x00007ffaef3d7000 	C:\Windows\System32\bcrypt.dll
0x00007ffad3ea0000 - 0x00007ffad3ec7000 	C:\Windows\SYSTEM32\WINMM.dll
0x00007ffaeb560000 - 0x00007ffaeb56a000 	C:\Windows\SYSTEM32\VERSION.dll
0x00007ffae9100000 - 0x00007ffae9109000 	C:\Windows\SYSTEM32\WSOCK32.dll
0x00007ffaeefc0000 - 0x00007ffaef00b000 	C:\Windows\SYSTEM32\POWRPROF.dll
0x00007ffaf1340000 - 0x00007ffaf13ab000 	C:\Windows\System32\WS2_32.dll
0x00007ffaeefa0000 - 0x00007ffaeefb2000 	C:\Windows\SYSTEM32\UMPDC.dll
0x00007ffaed330000 - 0x00007ffaed342000 	C:\Windows\SYSTEM32\kernel.appcore.dll
0x00007ffaeceb0000 - 0x00007ffaeceba000 	C:\Program Files\JetBrains\IntelliJ IDEA 2023.3.5\jbr\bin\jimage.dll
0x00007ffaeea70000 - 0x00007ffaeec54000 	C:\Windows\SYSTEM32\DBGHELP.DLL
0x00007ffaee880000 - 0x00007ffaee8b4000 	C:\Windows\SYSTEM32\dbgcore.DLL
0x00007ffaef280000 - 0x00007ffaef302000 	C:\Windows\System32\bcryptPrimitives.dll
0x00007ffae5da0000 - 0x00007ffae5dc5000 	C:\Program Files\JetBrains\IntelliJ IDEA 2023.3.5\jbr\bin\java.dll

dbghelp: loaded successfully - version: 4.0.5 - missing functions: none
symbol engine: initialized successfully - sym options: 0x614 - pdb path: .;C:\Program Files\JetBrains\IntelliJ IDEA 2023.3.5\jbr\bin;C:\Windows\SYSTEM32;C:\Windows\WinSxS\amd64_microsoft.windows.common-controls_6595b64144ccf1df_6.0.19041.3636_none_60b6a03d71f818d5;C:\Program Files\JetBrains\IntelliJ IDEA 2023.3.5\jbr\bin\server

VM Arguments:
java_command: git4idea.http.GitAskPassApp Username for 'https://github.com': 
java_class_path (initial): C:/Program Files/JetBrains/IntelliJ IDEA 2023.3.5/plugins/vcs-git/lib/git4idea-rt.jar;C:/Program Files/JetBrains/IntelliJ IDEA 2023.3.5/lib/externalProcess-rt.jar
Launcher Type: SUN_STANDARD

[Global flags]
     intx CICompilerCount                          = 3                                         {product} {ergonomic}
     uint ConcGCThreads                            = 1                                         {product} {ergonomic}
     uint G1ConcRefinementThreads                  = 4                                         {product} {ergonomic}
   size_t G1HeapRegionSize                         = 1048576                                   {product} {ergonomic}
    uintx GCDrainStackTargetSize                   = 64                                        {product} {ergonomic}
   size_t InitialHeapSize                          = 65011712                                  {product} {ergonomic}
   size_t MarkStackSize                            = 4194304                                   {product} {ergonomic}
   size_t MaxHeapSize                              = 1029701632                                {product} {ergonomic}
   size_t MinHeapDeltaBytes                        = 1048576                                   {product} {ergonomic}
   size_t MinHeapSize                              = 8388608                                   {product} {ergonomic}
    uintx NonNMethodCodeHeapSize                   = 5832780                                {pd product} {ergonomic}
    uintx NonProfiledCodeHeapSize                  = 122912730                              {pd product} {ergonomic}
    uintx ProfiledCodeHeapSize                     = 122912730                              {pd product} {ergonomic}
    uintx ReservedCodeCacheSize                    = 251658240                              {pd product} {ergonomic}
     bool SegmentedCodeCache                       = true                                      {product} {ergonomic}
   size_t SoftMaxHeapSize                          = 1029701632                             {manageable} {ergonomic}
     bool UseCompressedClassPointers               = true                           {product lp64_product} {ergonomic}
     bool UseCompressedOops                        = true                           {product lp64_product} {ergonomic}
     bool UseG1GC                                  = true                                      {product} {ergonomic}
     bool UseLargePagesIndividualAllocation        = false                                  {pd product} {ergonomic}

Logging:
Log output configuration:
 #0: stdout all=warning uptime,level,tags
 #1: stderr all=off uptime,level,tags

Environment Variables:
PATH=C:\Program Files\Git\mingw64\libexec\git-core;C:\Program Files\Git\mingw64\libexec\git-core;C:\Program Files\Git\mingw64\bin;C:\Program Files\Git\usr\bin;C:\Users\Jeune\bin;C:\Program Files\Python38\Scripts;C:\Program Files\Python38;C:\Windows\system32;C:\Windows;C:\Windows\System32\Wbem;C:\Windows\System32\WindowsPowerShell\v1.0;C:\Windows\System32\OpenSSH;C:\Program Files\dotnet;C:\Program Files\Git\cmd;C:\Users\Jeune\AppData\Local\Microsoft\WindowsApps;C:\Program Files\JetBrains\IntelliJ IDEA 2023.3.5\bin
USERNAME=Jeune
DISPLAY=:0.0
LC_ALL=en_US.UTF-8
TERM=xterm-256color
TMPDIR=C:\Users\Jeune\AppData\Local\Temp
OS=Windows_NT
PROCESSOR_IDENTIFIER=Intel64 Family 6 Model 122 Stepping 1, GenuineIntel
TMP=C:\Users\Jeune\AppData\Local\Temp
TEMP=C:\Users\Jeune\AppData\Local\Temp



Periodic native trim disabled

JNI global refs:
JNI global refs: 0, weak refs: 0

JNI global refs memory usage: 0, weak refs: 0

OOME stack traces (most recent first):
Classloader memory used:


---------------  S Y S T E M  ---------------

OS:
 Windows 10 , 64 bit Build 19041 (10.0.19041.3636)
OS uptime: 9 days 10:10 hours

CPU: total 4 (initial active 4) (4 cores per cpu, 1 threads per core) family 6 model 122 stepping 1 microcode 0x2e, cx8, cmov, fxsr, mmx, 3dnowpref, sse, sse2, sse3, ssse3, sse4.1, sse4.2, popcnt, tsc, tscinvbit, aes, erms, clmul, sha, clflush, clflushopt
Processor Information for all 4 processors :
  Max Mhz: 1101, Current Mhz: 1101, Mhz Limit: 1101

Memory: 4k page, system-wide physical 3920M (284M free)
TotalPageFile size 10175M (AvailPageFile size 24M)
current process WorkingSet (physical memory assigned to process): 10M, peak: 10M
current process commit charge ("private bytes"): 51M, peak: 113M

vm_info: OpenJDK 64-Bit Server VM (17.0.10+1-b1087.21) for windows-amd64 JRE (17.0.10+1-b1087.21), built on 2024-03-02 by "builduser" with MS VC++ 16.10 / 16.11 (VS2019)

END.
